<?xml version="1.0" encoding="UTF-8"?>
<!-- Generated by org.testng.reporters.JUnitReportReporter -->
<testsuite hostname="DESKTOP-O8VLJVA" failures="0" tests="2" name="com.irctc.pages.DataProviderDemo" time="35.452" errors="0" timestamp="2020-02-14T03:14:51 IST" skipped="0">
  <testcase classname="com.irctc.pages.DataProviderDemo" name="test" time="19.724"/>
  <testcase classname="com.irctc.pages.DataProviderDemo" name="test" time="15.728"/>
</testsuite> <!-- com.irctc.pages.DataProviderDemo -->
